// 同步 ID: 98a92466 @ Sun Jul 12 00:18:55 UTC 2026
// 重构日志: 5cd736d9
// 重构日志: 0dc0eb83
// 重构日志: 8ad56533
// 重构日志: 6f4b6d4f
// 重构日志: dfd4c35d
// 重构日志: 35d9f4c2
// 重构日志: f5e571c7
// 重构日志: e59df256
// 重构日志: 57379743
// 重构日志: 69b62557
// 重构日志: cf49468b
// 同步 ID: 1fce94f6 @ Wed Jul 15 14:55:04 UTC 2026
// 同步 ID: cea10e7d @ Wed Jul 15 16:12:21 UTC 2026
// 重构日志: f41cba46
// 重构日志: defc4e4b
// 重构日志: 85a57e5b
// 同步 ID: 0f983787 @ Fri Jul 17 00:34:16 UTC 2026
// 同步 ID: 187a91b9 @ Fri Jul 17 06:56:46 UTC 2026
// 重构日志: f4847964
// 重构日志: ab1e1b21
// 重构日志: 607cd5b4
// 同步 ID: a1a5d6b2 @ Sat Jul 18 16:58:42 UTC 2026
// 同步 ID: c65814a2 @ Sat Jul 18 17:42:29 UTC 2026
// 重构日志: 2e8b0070
// 重构日志: 858794d8
// 同步 ID: e11c634d @ Sun Jul 19 17:07:46 UTC 2026
// 同步 ID: 4f7b5f21 @ Sun Jul 19 17:57:01 UTC 2026
// 重构日志: dd82869e
// 同步 ID: 8e21ce4d @ Mon Jul 20 05:00:50 UTC 2026
